<?xml version="1.0" encoding="UTF-8"?>
<!-- Generated by org.testng.reporters.JUnitXMLReporter -->
<testsuite hostname="KAVITHA-PC" ignored="3" name="Test" tests="4" failures="1" timestamp="27 Jul 2019 15:48:54 GMT" time="9.23" errors="0">
  <testcase name="validateLogo" time="0.533" classname="com.qa.application.testcases.LoginPageTest"/>
  <testcase name="validateTitle" time="0.103" classname="com.qa.application.testcases.LoginPageTest">
    <failure type="java.lang.AssertionError" message="expected [sample] but found [CRMPRO - CRM software for customer relationship management, sales, and support.]">
      <![CDATA[java.lang.AssertionError: expected [sample] but found [CRMPRO - CRM software for customer relationship management, sales, and support.]
	at com.qa.application.testcases.LoginPageTest.validateTitle(LoginPageTest.java:33)
... Removed 31 stack frames]]>
    </failure>
  </testcase> <!-- validateTitle -->
  <testcase name="validateLogin" time="6.587" classname="com.qa.application.testcases.LoginPageTest"/>
  <testcase name="isLogoText" time="0.076" classname="com.qa.application.testcases.HomePageTest"/>
  <testcase name="@BeforeSuite ClassSetup" time="0.0" classname="com.qa.application.testcases.BaseTest">
    <ignored/>
  </testcase> <!-- @BeforeSuite ClassSetup -->
  <testcase name="validateInvalidLogin" time="0.0" classname="com.qa.application.testcases.LoginPageTest">
    <ignored/>
  </testcase> <!-- validateInvalidLogin -->
  <testcase name="@AfterSuite suiteTearDown" time="0.0" classname="com.qa.application.testcases.BaseTest">
    <ignored/>
  </testcase> <!-- @AfterSuite suiteTearDown -->
</testsuite> <!-- Test -->
