<?xml version="1.0" encoding="UTF-8"?>
<!-- Generated by org.testng.reporters.JUnitXMLReporter -->
<testsuite hostname="KAVITHA-PC" ignored="2" name="Test1" tests="4" failures="1" timestamp="24 Jul 2019 20:00:24 GMT" time="4.828" errors="0">
  <testcase name="validateLogo" time="0.241" classname="com.qa.application.testcases.LoginPageTest"/>
  <testcase name="validateTitle" time="0.033" classname="com.qa.application.testcases.LoginPageTest">
    <failure type="java.lang.AssertionError" message="expected [sample] but found [CRMPRO - CRM software for customer relationship management, sales, and support.]">
      <![CDATA[java.lang.AssertionError: expected [sample] but found [CRMPRO - CRM software for customer relationship management, sales, and support.]
	at com.qa.application.testcases.LoginPageTest.validateTitle(LoginPageTest.java:34)
... Removed 31 stack frames]]>
    </failure>
  </testcase> <!-- validateTitle -->
  <testcase name="validateLogin" time="3.304" classname="com.qa.application.testcases.LoginPageTest"/>
  <testcase name="isLogoText" time="0.045" classname="com.qa.application.testcases.HomePageTest"/>
  <testcase name="@BeforeSuite setupClass" time="0.0" classname="com.qa.application.testcases.BaseTest">
    <ignored/>
  </testcase> <!-- @BeforeSuite setupClass -->
  <testcase name="@AfterSuite tearDown" time="0.0" classname="com.qa.application.testcases.BaseTest">
    <ignored/>
  </testcase> <!-- @AfterSuite tearDown -->
</testsuite> <!-- Test1 -->
